<?xml version="1.0" encoding="utf-8"?><testsuites name="pytest tests"><testsuite name="pytest" errors="0" failures="1" skipped="0" tests="16" time="5.771" timestamp="2026-07-18T23:44:24.831357+00:00" hostname="agent-env-daa354fe-3576-4e5e-8fa8-c0fd365e199e"><testcase classname="tests.test_commission_module.TestCategoryRange" name="test_seeded_categories_have_range" time="0.291" /><testcase classname="tests.test_commission_module.TestCategoryRange" name="test_create_valid_range" time="0.363" /><testcase classname="tests.test_commission_module.TestCategoryRange" name="test_create_min_gt_max" time="0.043" /><testcase classname="tests.test_commission_module.TestCategoryRange" name="test_create_out_of_0_100" time="0.089" /><testcase classname="tests.test_commission_module.TestCategoryRange" name="test_patch_combined_validation" time="0.181" /><testcase classname="tests.test_commission_module.TestProductCommission" name="test_missing_commission_422" time="3.386" /><testcase classname="tests.test_commission_module.TestProductCommission" name="test_missing_category_400" time="0.042" /><testcase classname="tests.test_commission_module.TestProductCommission" name="test_commission_out_of_range_exact_msg" time="0.049"><failure message="AssertionError: assert 'Commission m...Cat category.' == 'Commission m...Cat category.'&#10;  &#10;  - Commission must be between 10% and 20% for TEST_ScratchCat category.&#10;  + Commission must be between 10.0% and 20.0% for TEST_ScratchCat category.&#10;  ?                              ++        ++">tests/test_commission_module.py:112: in test_commission_out_of_range_exact_msg
    assert r.json()["detail"] == expected
E   AssertionError: assert 'Commission m...Cat category.' == 'Commission m...Cat category.'
E     
E     - Commission must be between 10% and 20% for TEST_ScratchCat category.
E     + Commission must be between 10.0% and 20.0% for TEST_ScratchCat category.
E     ?                              ++        ++</failure></testcase><testcase classname="tests.test_commission_module.TestProductCommission" name="test_commission_in_range_ok" time="0.042" /><testcase classname="tests.test_commission_module.TestProductCommission" name="test_patch_commission_revalidates" time="0.172" /><testcase classname="tests.test_commission_module.TestOutOfRange" name="test_products_list_has_decoration" time="0.043" /><testcase classname="tests.test_commission_module.TestOutOfRange" name="test_out_of_range_endpoint_admin_only" time="0.041" /><testcase classname="tests.test_commission_module.TestOutOfRange" name="test_out_of_range_flow" time="0.383" /><testcase classname="tests.test_commission_module.TestOrderCommission" name="test_per_line_commission" time="0.146" /><testcase classname="tests.test_commission_module.TestOrderCommission" name="test_multi_line_sum" time="0.175" /><testcase classname="tests.test_commission_module.TestSeedIdempotency" name="test_user_changes_preserved" time="0.262" /></testsuite></testsuites>