<?xml version="1.0" encoding="utf-8"?><testsuites name="pytest tests"><testsuite name="pytest" errors="0" failures="3" skipped="0" tests="42" time="9.710" timestamp="2026-07-18T23:45:24.174276+00:00" hostname="agent-env-daa354fe-3576-4e5e-8fa8-c0fd365e199e"><testcase classname="tests.test_neds_phase1.TestHealth" name="test_root" time="0.174" /><testcase classname="tests.test_neds_phase1.TestHealth" name="test_health" time="0.055" /><testcase classname="tests.test_neds_phase1.TestAuth" name="test_login_success" time="0.281" /><testcase classname="tests.test_neds_phase1.TestAuth" name="test_login_wrong_password" time="0.275" /><testcase classname="tests.test_neds_phase1.TestAuth" name="test_me_with_token" time="0.335" /><testcase classname="tests.test_neds_phase1.TestAuth" name="test_me_without_token" time="0.131" /><testcase classname="tests.test_neds_phase1.TestAuth" name="test_request_otp_501" time="0.050" /><testcase classname="tests.test_neds_phase1.TestUsers" name="test_create_all_roles_and_duplicate" time="3.380" /><testcase classname="tests.test_neds_phase1.TestUsers" name="test_list_users_filters_and_pagination" time="0.170" /><testcase classname="tests.test_neds_phase1.TestUsers" name="test_patch_and_delete_user" time="0.156" /><testcase classname="tests.test_neds_phase1.TestUsers" name="test_customer_cannot_list_users" time="0.052" /><testcase classname="tests.test_neds_phase1.TestUsers" name="test_manager_can_list_but_not_create_admin" time="0.155" /><testcase classname="tests.test_neds_phase1.TestCatalog" name="test_categories_seeded" time="0.053" /><testcase classname="tests.test_neds_phase1.TestCatalog" name="test_category_crud" time="0.162" /><testcase classname="tests.test_neds_phase1.TestCatalog" name="test_product_create_and_filters" time="0.317" /><testcase classname="tests.test_neds_phase1.TestOrders" name="test_min_order_enforced" time="0.059" /><testcase classname="tests.test_neds_phase1.TestOrders" name="test_order_pricing" time="0.163"><failure message="assert 25.0 == 30.0">E   assert 25.0 == 30.0</failure></testcase><testcase classname="tests.test_neds_phase1.TestOrders" name="test_free_delivery_threshold" time="0.170"><failure message="assert 25.0 == 0.0">E   assert 25.0 == 0.0</failure></testcase><testcase classname="tests.test_neds_phase1.TestOrders" name="test_orders_scoping" time="0.186" /><testcase classname="tests.test_neds_phase1.TestOrders" name="test_status_update_reject_delivered" time="0.059" /><testcase classname="tests.test_neds_phase1.TestDeliveries" name="test_auto_delivery_created" time="0.058" /><testcase classname="tests.test_neds_phase1.TestDeliveries" name="test_assign_and_location_and_verify" time="0.570" /><testcase classname="tests.test_neds_phase1.TestBusinessRules" name="test_get_and_patch_and_effect" time="0.326" /><testcase classname="tests.test_neds_phase1.TestDashboard" name="test_summary" time="0.058" /><testcase classname="tests.test_neds_phase1.TestDashboard" name="test_live_riders" time="0.050" /><testcase classname="tests.test_neds_phase1.TestAudit" name="test_audit_entries_present" time="0.056" /><testcase classname="tests.test_commission_module.TestCategoryRange" name="test_seeded_categories_have_range" time="0.053" /><testcase classname="tests.test_commission_module.TestCategoryRange" name="test_create_valid_range" time="0.106" /><testcase classname="tests.test_commission_module.TestCategoryRange" name="test_create_min_gt_max" time="0.050" /><testcase classname="tests.test_commission_module.TestCategoryRange" name="test_create_out_of_0_100" time="0.107" /><testcase classname="tests.test_commission_module.TestCategoryRange" name="test_patch_combined_validation" time="0.211" /><testcase classname="tests.test_commission_module.TestProductCommission" name="test_missing_commission_422" time="0.107" /><testcase classname="tests.test_commission_module.TestProductCommission" name="test_missing_category_400" time="0.055" /><testcase classname="tests.test_commission_module.TestProductCommission" name="test_commission_out_of_range_exact_msg" time="0.055"><failure message="AssertionError: assert 'Commission m...Cat category.' == 'Commission m...Cat category.'&#10;  &#10;  - Commission must be between 10% and 20% for TEST_ScratchCat category.&#10;  + Commission must be between 10.0% and 20.0% for TEST_ScratchCat category.&#10;  ?                              ++        ++">E   AssertionError: assert 'Commission m...Cat category.' == 'Commission m...Cat category.'
      
      - Commission must be between 10% and 20% for TEST_ScratchCat category.
      + Commission must be between 10.0% and 20.0% for TEST_ScratchCat category.
      ?                              ++        ++</failure></testcase><testcase classname="tests.test_commission_module.TestProductCommission" name="test_commission_in_range_ok" time="0.058" /><testcase classname="tests.test_commission_module.TestProductCommission" name="test_patch_commission_revalidates" time="0.178" /><testcase classname="tests.test_commission_module.TestOutOfRange" name="test_products_list_has_decoration" time="0.061" /><testcase classname="tests.test_commission_module.TestOutOfRange" name="test_out_of_range_endpoint_admin_only" time="0.058" /><testcase classname="tests.test_commission_module.TestOutOfRange" name="test_out_of_range_flow" time="0.382" /><testcase classname="tests.test_commission_module.TestOrderCommission" name="test_per_line_commission" time="0.164" /><testcase classname="tests.test_commission_module.TestOrderCommission" name="test_multi_line_sum" time="0.219" /><testcase classname="tests.test_commission_module.TestSeedIdempotency" name="test_user_changes_preserved" time="0.266" /></testsuite></testsuites>