<?xml version="1.0" encoding="utf-8"?><testsuites name="pytest tests"><testsuite name="pytest" errors="0" failures="1" skipped="0" tests="26" time="7.541" timestamp="2026-07-18T22:55:21.365700+00:00" hostname="agent-env-daa354fe-3576-4e5e-8fa8-c0fd365e199e"><testcase classname="tests.test_neds_phase1.TestHealth" name="test_root" time="0.728" /><testcase classname="tests.test_neds_phase1.TestHealth" name="test_health" time="0.042" /><testcase classname="tests.test_neds_phase1.TestAuth" name="test_login_success" time="0.276" /><testcase classname="tests.test_neds_phase1.TestAuth" name="test_login_wrong_password" time="0.265" /><testcase classname="tests.test_neds_phase1.TestAuth" name="test_me_with_token" time="0.310" /><testcase classname="tests.test_neds_phase1.TestAuth" name="test_me_without_token" time="0.103" /><testcase classname="tests.test_neds_phase1.TestAuth" name="test_request_otp_501" time="0.044" /><testcase classname="tests.test_neds_phase1.TestUsers" name="test_create_all_roles_and_duplicate" time="3.322" /><testcase classname="tests.test_neds_phase1.TestUsers" name="test_list_users_filters_and_pagination" time="0.136" /><testcase classname="tests.test_neds_phase1.TestUsers" name="test_patch_and_delete_user" time="0.175" /><testcase classname="tests.test_neds_phase1.TestUsers" name="test_customer_cannot_list_users" time="0.044" /><testcase classname="tests.test_neds_phase1.TestUsers" name="test_manager_can_list_but_not_create_admin" time="0.170" /><testcase classname="tests.test_neds_phase1.TestCatalog" name="test_categories_seeded" time="0.046" /><testcase classname="tests.test_neds_phase1.TestCatalog" name="test_category_crud" time="0.129" /><testcase classname="tests.test_neds_phase1.TestCatalog" name="test_product_create_and_filters" time="0.268" /><testcase classname="tests.test_neds_phase1.TestOrders" name="test_min_order_enforced" time="0.044" /><testcase classname="tests.test_neds_phase1.TestOrders" name="test_order_pricing" time="0.131" /><testcase classname="tests.test_neds_phase1.TestOrders" name="test_free_delivery_threshold" time="0.176" /><testcase classname="tests.test_neds_phase1.TestOrders" name="test_orders_scoping" time="0.135" /><testcase classname="tests.test_neds_phase1.TestOrders" name="test_status_update_reject_delivered" time="0.047" /><testcase classname="tests.test_neds_phase1.TestDeliveries" name="test_auto_delivery_created" time="0.043" /><testcase classname="tests.test_neds_phase1.TestDeliveries" name="test_assign_and_location_and_verify" time="0.559" /><testcase classname="tests.test_neds_phase1.TestBusinessRules" name="test_get_and_patch_and_effect" time="0.125"><failure message="assert 500 == 200&#10; +  where 500 = &lt;Response [500]&gt;.status_code">tests/test_neds_phase1.py:342: in test_get_and_patch_and_effect
    assert r2.status_code == 200
E   assert 500 == 200
E    +  where 500 = &lt;Response [500]&gt;.status_code</failure></testcase><testcase classname="tests.test_neds_phase1.TestDashboard" name="test_summary" time="0.052" /><testcase classname="tests.test_neds_phase1.TestDashboard" name="test_live_riders" time="0.044" /><testcase classname="tests.test_neds_phase1.TestAudit" name="test_audit_entries_present" time="0.044" /></testsuite></testsuites>